Compiled jquery.js  (38ms)  (pid 3001)
Compiled jquery_ujs.js  (0ms)  (pid 3001)
Compiled bootstrap.file-input.js  (0ms)  (pid 3001)
Compiled application.js  (87ms)  (pid 3001)
Compiled custom.css  (4768ms)  (pid 3001)
Compiled application.css  (4825ms)  (pid 3001)
Compiled jquery.js  (25ms)  (pid 3001)
Compiled jquery_ujs.js  (0ms)  (pid 3001)
Compiled bootstrap.file-input.js  (0ms)  (pid 3001)
Compiled application.js  (59ms)  (pid 3001)
Compiled jquery.js  (30ms)  (pid 2968)
Compiled jquery_ujs.js  (0ms)  (pid 2968)
Compiled button.js  (0ms)  (pid 2968)
Compiled application.js  (72ms)  (pid 2968)
Compiled custom.css  (6422ms)  (pid 2968)
Compiled application.css  (6571ms)  (pid 2968)
Compiled jquery.js  (26ms)  (pid 2968)
Compiled jquery_ujs.js  (0ms)  (pid 2968)
Compiled button.js  (0ms)  (pid 2968)
Compiled application.js  (59ms)  (pid 2968)
Compiled custom.css  (9021ms)  (pid 2968)
Compiled application.css  (9042ms)  (pid 2968)
